<?xml version="1.0" encoding="UTF-8"?>
<testng-results ignored="0" total="4" passed="4" failed="0" skipped="0">
  <reporter-output>
  </reporter-output>
  <suite started-at="2021-10-18T07:08:24Z" name="Wendy chat" finished-at="2021-10-18T07:08:42Z" duration-ms="17941">
    <groups>
    </groups>
    <test started-at="2021-10-18T07:08:24Z" name="ErrorTest" finished-at="2021-10-18T07:08:42Z" duration-ms="17941">
      <class name="tests.ErrorLoginTest">
        <test-method is-config="true" signature="openPage()[pri:0, instance:tests.ErrorLoginTest@109d724c]" started-at="2021-10-18T07:08:24Z" name="openPage" finished-at="2021-10-18T07:08:33Z" duration-ms="8769" status="PASS">
          <reporter-output>
          </reporter-output>
        </test-method> <!-- openPage -->
        <test-method signature="incorrectLoginFlow()[pri:1, instance:tests.ErrorLoginTest@109d724c]" started-at="2021-10-18T07:08:33Z" name="incorrectLoginFlow" description="Incorrect login" finished-at="2021-10-18T07:08:35Z" duration-ms="2244" status="PASS">
          <reporter-output>
          </reporter-output>
        </test-method> <!-- incorrectLoginFlow -->
        <test-method signature="incorrectPasswordFlow()[pri:2, instance:tests.ErrorLoginTest@109d724c]" started-at="2021-10-18T07:08:35Z" name="incorrectPasswordFlow" description="Incorrect password" finished-at="2021-10-18T07:08:36Z" duration-ms="598" status="PASS">
          <reporter-output>
          </reporter-output>
        </test-method> <!-- incorrectPasswordFlow -->
        <test-method signature="sendNothing()[pri:3, instance:tests.ErrorLoginTest@109d724c]" started-at="2021-10-18T07:08:36Z" name="sendNothing" description="Send nothing" finished-at="2021-10-18T07:08:37Z" duration-ms="897" status="PASS">
          <reporter-output>
          </reporter-output>
        </test-method> <!-- sendNothing -->
        <test-method signature="correctLogin()[pri:4, instance:tests.ErrorLoginTest@109d724c]" started-at="2021-10-18T07:08:37Z" name="correctLogin" description="Correct login" finished-at="2021-10-18T07:08:42Z" duration-ms="5242" status="PASS">
          <reporter-output>
          </reporter-output>
        </test-method> <!-- correctLogin -->
      </class> <!-- tests.ErrorLoginTest -->
    </test> <!-- ErrorTest -->
  </suite> <!-- Wendy chat -->
</testng-results>
