<?xml version="1.0" encoding="UTF-8"?>
<testng-results ignored="0" total="4" passed="4" failed="0" skipped="0">
  <reporter-output>
  </reporter-output>
  <suite started-at="2021-10-13T06:52:31Z" name="Wendy chat" finished-at="2021-10-13T06:52:45Z" duration-ms="13755">
    <groups>
    </groups>
    <test started-at="2021-10-13T06:52:31Z" name="ErrorTest" finished-at="2021-10-13T06:52:45Z" duration-ms="13755">
      <class name="tests.ErrorLoginTest">
        <test-method is-config="true" signature="openPage()[pri:0, instance:tests.ErrorLoginTest@7b7b3edb]" started-at="2021-10-13T06:52:31Z" name="openPage" finished-at="2021-10-13T06:52:36Z" duration-ms="4782" status="PASS">
          <reporter-output>
          </reporter-output>
        </test-method> <!-- openPage -->
        <test-method signature="incorrectLoginFlow()[pri:1, instance:tests.ErrorLoginTest@7b7b3edb]" started-at="2021-10-13T06:52:36Z" name="incorrectLoginFlow" description="Incorrect login" finished-at="2021-10-13T06:52:38Z" duration-ms="1972" status="PASS">
          <reporter-output>
          </reporter-output>
        </test-method> <!-- incorrectLoginFlow -->
        <test-method signature="incorrectPasswordFlow()[pri:2, instance:tests.ErrorLoginTest@7b7b3edb]" started-at="2021-10-13T06:52:38Z" name="incorrectPasswordFlow" description="Incorrect password" finished-at="2021-10-13T06:52:39Z" duration-ms="431" status="PASS">
          <reporter-output>
          </reporter-output>
        </test-method> <!-- incorrectPasswordFlow -->
        <test-method signature="sendNothing()[pri:3, instance:tests.ErrorLoginTest@7b7b3edb]" started-at="2021-10-13T06:52:39Z" name="sendNothing" description="Send nothing" finished-at="2021-10-13T06:52:40Z" duration-ms="773" status="PASS">
          <reporter-output>
          </reporter-output>
        </test-method> <!-- sendNothing -->
        <test-method signature="correctLogin()[pri:4, instance:tests.ErrorLoginTest@7b7b3edb]" started-at="2021-10-13T06:52:40Z" name="correctLogin" description="Correct login" finished-at="2021-10-13T06:52:45Z" duration-ms="5662" status="PASS">
          <reporter-output>
          </reporter-output>
        </test-method> <!-- correctLogin -->
      </class> <!-- tests.ErrorLoginTest -->
    </test> <!-- ErrorTest -->
  </suite> <!-- Wendy chat -->
</testng-results>
